<?xml version="1.0" encoding="UTF-8" ?>
<testsuite tests="5" failures="2" name="Miage2016.activite3.GrilleTest" time="0.01" errors="0" skipped="0">
  <properties>
    <property name="java.runtime.name" value="Java(TM) SE Runtime Environment"/>
    <property name="sun.boot.library.path" value="C:\Program Files\Java\jdk1.8.0_05\jre\bin"/>
    <property name="java.vm.version" value="25.5-b02"/>
    <property name="java.vm.vendor" value="Oracle Corporation"/>
    <property name="maven.multiModuleProjectDirectory" value="C:\Users\Merlin\git\activite3"/>
    <property name="java.vendor.url" value="http://java.oracle.com/"/>
    <property name="path.separator" value=";"/>
    <property name="guice.disable.misplaced.annotation.check" value="true"/>
    <property name="java.vm.name" value="Java HotSpot(TM) 64-Bit Server VM"/>
    <property name="file.encoding.pkg" value="sun.io"/>
    <property name="user.script" value=""/>
    <property name="user.country" value="FR"/>
    <property name="sun.java.launcher" value="SUN_STANDARD"/>
    <property name="sun.os.patch.level" value=""/>
    <property name="java.vm.specification.name" value="Java Virtual Machine Specification"/>
    <property name="user.dir" value="C:\Users\Merlin\git\activite3"/>
    <property name="java.runtime.version" value="1.8.0_05-b13"/>
    <property name="java.awt.graphicsenv" value="sun.awt.Win32GraphicsEnvironment"/>
    <property name="java.endorsed.dirs" value="C:\Program Files\Java\jdk1.8.0_05\jre\lib\endorsed"/>
    <property name="os.arch" value="amd64"/>
    <property name="java.io.tmpdir" value="C:\Users\Merlin\AppData\Local\Temp\"/>
    <property name="line.separator" value="
"/>
    <property name="java.vm.specification.vendor" value="Oracle Corporation"/>
    <property name="user.variant" value=""/>
    <property name="os.name" value="Windows 8.1"/>
    <property name="classworlds.conf" value="C:\Users\Merlin\git\.metadata\.plugins\org.eclipse.m2e.launching\launches\m2conf8176844603471904318.tmp"/>
    <property name="sun.jnu.encoding" value="Cp1252"/>
    <property name="java.library.path" value="C:\Program Files\Java\jdk1.8.0_05\bin;C:\WINDOWS\Sun\Java\bin;C:\WINDOWS\system32;C:\WINDOWS;C:/Program Files/Java/jdk1.8.0_05/jre/bin/server;C:/Program Files/Java/jdk1.8.0_05/jre/bin;C:/Program Files/Java/jdk1.8.0_05/jre/lib/amd64;C:\ProgramData\Oracle\Java\javapath;C:\Program Files (x86)\Intel\iCLS Client\;C:\Program Files\Intel\iCLS Client\;C:\WINDOWS\system32;C:\WINDOWS;C:\WINDOWS\System32\Wbem;C:\WINDOWS\System32\WindowsPowerShell\v1.0\;C:\Program Files (x86)\Intel\OpenCL SDK\2.0\bin\x86;C:\Program Files (x86)\Intel\OpenCL SDK\2.0\bin\x64;C:\Program Files\Intel\Intel(R) Management Engine Components\DAL;C:\Program Files\Intel\Intel(R) Management Engine Components\IPT;C:\Program Files (x86)\Intel\Intel(R) Management Engine Components\DAL;C:\Program Files (x86)\Intel\Intel(R) Management Engine Components\IPT;C:\Program Files\Sony\VAIO Improvement\;C:\Program Files (x86)\Sony\VAIO Startup Setting Tool;C:\Program Files\7-Zip;  C:\Program Files (x86)\Java\jre7\bin; C:\sonar\sonar-runner-2.0Analys\bin;C:\Program Files (x86)\Skype\Phone\;C:\Program Files (x86)\Smart Projects\IsoBuster;C:\Program Files (x86)\Git\cmd;C:\mavenformation\apache-maven-3.2.5-bin\bin;C:\mavenformation\apache-maven-3.2.5-bin\bin;C:\Program Files\Java\jdk1.8.0_05\bin;C:\sonar\sonar-runner-2.0Analys\bin;;C:\Users\Merlin\Desktop;;."/>
    <property name="java.specification.name" value="Java Platform API Specification"/>
    <property name="java.class.version" value="52.0"/>
    <property name="sun.management.compiler" value="HotSpot 64-Bit Tiered Compilers"/>
    <property name="os.version" value="6.3"/>
    <property name="user.home" value="C:\Users\Merlin"/>
    <property name="user.timezone" value="Africa/Luanda"/>
    <property name="java.awt.printerjob" value="sun.awt.windows.WPrinterJob"/>
    <property name="java.specification.version" value="1.8"/>
    <property name="file.encoding" value="Cp1252"/>
    <property name="user.name" value="Merlin"/>
    <property name="java.class.path" value="/C:/Users/Merlin/eclipse/java-mars/eclipse/../../../.p2/pool/plugins/org.eclipse.m2e.maven.runtime_1.6.2.20150902-0001/jars/plexus-classworlds-2.5.2.jar"/>
    <property name="java.vm.specification.version" value="1.8"/>
    <property name="sun.arch.data.model" value="64"/>
    <property name="java.home" value="C:\Program Files\Java\jdk1.8.0_05\jre"/>
    <property name="sun.java.command" value="org.codehaus.plexus.classworlds.launcher.Launcher -B test"/>
    <property name="java.specification.vendor" value="Oracle Corporation"/>
    <property name="user.language" value="fr"/>
    <property name="awt.toolkit" value="sun.awt.windows.WToolkit"/>
    <property name="java.vm.info" value="mixed mode"/>
    <property name="java.version" value="1.8.0_05"/>
    <property name="java.ext.dirs" value="C:\Program Files\Java\jdk1.8.0_05\jre\lib\ext;C:\WINDOWS\Sun\Java\lib\ext"/>
    <property name="sun.boot.class.path" value="C:\Program Files\Java\jdk1.8.0_05\jre\lib\resources.jar;C:\Program Files\Java\jdk1.8.0_05\jre\lib\rt.jar;C:\Program Files\Java\jdk1.8.0_05\jre\lib\sunrsasign.jar;C:\Program Files\Java\jdk1.8.0_05\jre\lib\jsse.jar;C:\Program Files\Java\jdk1.8.0_05\jre\lib\jce.jar;C:\Program Files\Java\jdk1.8.0_05\jre\lib\charsets.jar;C:\Program Files\Java\jdk1.8.0_05\jre\lib\jfr.jar;C:\Program Files\Java\jdk1.8.0_05\jre\classes"/>
    <property name="java.vendor" value="Oracle Corporation"/>
    <property name="maven.home" value="C:\Users\Merlin\git\activite3\EMBEDDED"/>
    <property name="file.separator" value="\"/>
    <property name="java.vendor.url.bug" value="http://bugreport.sun.com/bugreport/"/>
    <property name="sun.cpu.endian" value="little"/>
    <property name="sun.io.unicode.encoding" value="UnicodeLittle"/>
    <property name="sun.desktop" value="windows"/>
    <property name="sun.cpu.isalist" value="amd64"/>
  </properties>
  <testcase classname="Miage2016.activite3.GrilleTest" name="Miage2016.activite3.GrilleTest.testGetValue" time="0.01"/>
  <testcase classname="Miage2016.activite3.GrilleTest" name="Miage2016.activite3.GrilleTest.testSetValue" time="0"/>
  <testcase classname="Miage2016.activite3.GrilleTest" name="Miage2016.activite3.GrilleTest.testGetDimension" time="0"/>
  <testcase classname="Miage2016.activite3.GrilleTest" name="Miage2016.activite3.GrilleTest.testComplete" time="0">
    <failure message="org/junit/Assert" type="java.lang.NoClassDefFoundError">java.lang.NoClassDefFoundError: org/junit/Assert
	at Miage2016.activite3.GrilleTest.testComplete(GrilleTest.java:70)
Caused by: java.lang.ClassNotFoundException: org.junit.Assert
	at java.net.URLClassLoader$1.run(URLClassLoader.java:372)
	at java.net.URLClassLoader$1.run(URLClassLoader.java:361)
	at java.security.AccessController.doPrivileged(Native Method)
	at java.net.URLClassLoader.findClass(URLClassLoader.java:360)
	at java.lang.ClassLoader.loadClass(ClassLoader.java:424)
	at sun.misc.Launcher$AppClassLoader.loadClass(Launcher.java:308)
	at java.lang.ClassLoader.loadClass(ClassLoader.java:357)
	... 19 more
</failure>
  </testcase>
  <testcase classname="Miage2016.activite3.GrilleTest" name="Miage2016.activite3.GrilleTest.testPossible" time="0">
    <failure message="org/junit/Assert" type="java.lang.NoClassDefFoundError">java.lang.NoClassDefFoundError: org/junit/Assert
	at Miage2016.activite3.GrilleTest.testPossible(GrilleTest.java:79)
</failure>
  </testcase>
</testsuite>